{"name": "test_fixture_body_userId", "status": "failed", "statusDetails": {"message": "AssertionError: assert 0 == True\n +  where 0 = <built-in method find of str object at 0x104991230>('the id saved is')\n +    where <built-in method find of str object at 0x104991230> = 'the id saved is {90567399 santi amorin CREATED}'.find\n +      where 'the id saved is {90567399 santi amorin CREATED}' = <bound method Response.json of <Response [200]>>()\n +        where <bound method Response.json of <Response [200]>> = <Response [200]>.json", "trace": "E   AssertionError: assert 0 == True\n     +  where 0 = <built-in method find of str object at 0x104991230>('the id saved is')\n     +    where <built-in method find of str object at 0x104991230> = 'the id saved is {90567399 santi amorin CREATED}'.find\n     +      where 'the id saved is {90567399 santi amorin CREATED}' = <bound method Response.json of <Response [200]>>()\n     +        where <bound method Response.json of <Response [200]>> = <Response [200]>.json"}, "attachments": [{"name": "stdout", "source": "125fc7f3-efb5-487e-9458-b5e3b4b0af0d-attachment.txt", "type": "text/plain"}], "start": 1652976314034, "stop": 1652976314034, "uuid": "e2de47aa-5c8b-4beb-8a5c-7543f693bb7a", "historyId": "5d56fc724d0e66258621b3c0416c754e", "testCaseId": "570337f577f98799c8396d6131c3e7aa", "fullName": "tests.test_5_fixture.Tests#test_fixture_body_userId", "labels": [{"name": "parentSuite", "value": "tests"}, {"name": "suite", "value": "test_5_fixture"}, {"name": "subSuite", "value": "Tests"}, {"name": "host", "value": "WKSAR1848L.local"}, {"name": "thread", "value": "5726-MainThread"}, {"name": "framework", "value": "pytest"}, {"name": "language", "value": "cpython3"}, {"name": "package", "value": "tests.test_5_fixture"}]}