{"name": "test_fixture_body_userId", "status": "failed", "statusDetails": {"message": "AssertionError: assert 7 == True\n +  where 7 = <built-in method find of str object at 0x106d01230>('saved')\n +    where <built-in method find of str object at 0x106d01230> = 'the id saved is {37194218 santi amorin CREATED}'.find\n +      where 'the id saved is {37194218 santi amorin CREATED}' = <bound method Response.json of <Response [200]>>()\n +        where <bound method Response.json of <Response [200]>> = <Response [200]>.json", "trace": "E   AssertionError: assert 7 == True\n     +  where 7 = <built-in method find of str object at 0x106d01230>('saved')\n     +    where <built-in method find of str object at 0x106d01230> = 'the id saved is {37194218 santi amorin CREATED}'.find\n     +      where 'the id saved is {37194218 santi amorin CREATED}' = <bound method Response.json of <Response [200]>>()\n     +        where <bound method Response.json of <Response [200]>> = <Response [200]>.json"}, "attachments": [{"name": "stdout", "source": "34fc8b08-7008-4bdc-8e5c-a77f373a21ee-attachment.txt", "type": "text/plain"}], "start": 1652976355222, "stop": 1652976355222, "uuid": "0f08c6ab-3c75-4a2e-9b02-7e87695ed3e7", "historyId": "5d56fc724d0e66258621b3c0416c754e", "testCaseId": "570337f577f98799c8396d6131c3e7aa", "fullName": "tests.test_5_fixture.Tests#test_fixture_body_userId", "labels": [{"name": "parentSuite", "value": "tests"}, {"name": "suite", "value": "test_5_fixture"}, {"name": "subSuite", "value": "Tests"}, {"name": "host", "value": "WKSAR1848L.local"}, {"name": "thread", "value": "5797-MainThread"}, {"name": "framework", "value": "pytest"}, {"name": "language", "value": "cpython3"}, {"name": "package", "value": "tests.test_5_fixture"}]}