{"name": "test_fixture_body_success", "status": "failed", "statusDetails": {"message": "AssertionError: assert 0 == True\n +  where 0 = <built-in method find of str object at 0x1048a8db0>('the id saved is')\n +    where <built-in method find of str object at 0x1048a8db0> = 'the id saved is {74635370 santi amorin CREATED}'.find\n +      where 'the id saved is {74635370 santi amorin CREATED}' = <bound method Response.json of <Response [200]>>()\n +        where <bound method Response.json of <Response [200]>> = <Response [200]>.json", "trace": "E   AssertionError: assert 0 == True\n     +  where 0 = <built-in method find of str object at 0x1048a8db0>('the id saved is')\n     +    where <built-in method find of str object at 0x1048a8db0> = 'the id saved is {74635370 santi amorin CREATED}'.find\n     +      where 'the id saved is {74635370 santi amorin CREATED}' = <bound method Response.json of <Response [200]>>()\n     +        where <bound method Response.json of <Response [200]>> = <Response [200]>.json"}, "attachments": [{"name": "stdout", "source": "6424cfaf-37fb-4ff8-a259-45fba75ff69f-attachment.txt", "type": "text/plain"}], "start": 1652976313329, "stop": 1652976313329, "uuid": "2e453099-9a18-4bd1-84b4-3bc4fb7222aa", "historyId": "63ac54416b1c3f4d7a0981398fa8b547", "testCaseId": "2605a934fd96d2f1ba35de5c6381b329", "fullName": "tests.test_5_fixture.Tests#test_fixture_body_success", "labels": [{"name": "parentSuite", "value": "tests"}, {"name": "suite", "value": "test_5_fixture"}, {"name": "subSuite", "value": "Tests"}, {"name": "host", "value": "WKSAR1848L.local"}, {"name": "thread", "value": "5726-MainThread"}, {"name": "framework", "value": "pytest"}, {"name": "language", "value": "cpython3"}, {"name": "package", "value": "tests.test_5_fixture"}]}