{"name": "test_fixture_body_success", "status": "failed", "statusDetails": {"message": "AssertionError: assert 7 == True\n +  where 7 = <built-in method find of str object at 0x10686c930>('saved')\n +    where <built-in method find of str object at 0x10686c930> = 'the id saved is {76941996 santi amorin CREATED}'.find\n +      where 'the id saved is {76941996 santi amorin CREATED}' = <bound method Response.json of <Response [200]>>()\n +        where <bound method Response.json of <Response [200]>> = <Response [200]>.json", "trace": "E   AssertionError: assert 7 == True\n     +  where 7 = <built-in method find of str object at 0x10686c930>('saved')\n     +    where <built-in method find of str object at 0x10686c930> = 'the id saved is {76941996 santi amorin CREATED}'.find\n     +      where 'the id saved is {76941996 santi amorin CREATED}' = <bound method Response.json of <Response [200]>>()\n     +        where <bound method Response.json of <Response [200]>> = <Response [200]>.json"}, "attachments": [{"name": "stdout", "source": "0207f78a-9ee3-48a9-b157-abbc88c868a4-attachment.txt", "type": "text/plain"}], "start": 1652976354498, "stop": 1652976354498, "uuid": "923987cd-7350-4caf-b61c-a1bb2038dda5", "historyId": "63ac54416b1c3f4d7a0981398fa8b547", "testCaseId": "2605a934fd96d2f1ba35de5c6381b329", "fullName": "tests.test_5_fixture.Tests#test_fixture_body_success", "labels": [{"name": "parentSuite", "value": "tests"}, {"name": "suite", "value": "test_5_fixture"}, {"name": "subSuite", "value": "Tests"}, {"name": "host", "value": "WKSAR1848L.local"}, {"name": "thread", "value": "5797-MainThread"}, {"name": "framework", "value": "pytest"}, {"name": "language", "value": "cpython3"}, {"name": "package", "value": "tests.test_5_fixture"}]}